Logfile initialized
[INFO] logfile = C:\Users\Paco\My Documents\Titanium_Studio_Workspace\test\browsertest\build.log
[DEBUG] C:\Users\Paco\AppData\Roaming\Titanium\mobilesdk\win32\2.1.3.GA\android\builder.py simulator browsertest C:\Program Files (x86)\Android\android-sdk C:\Users\Paco\My Documents\Titanium_Studio_Workspace\test\browsertest com.ti53.browsertest 4 WVGA854
[INFO] Building browsertest for Android ... one moment
[INFO] Titanium SDK version: 2.1.3 (10/02/12 16:16 15997d0)
[DEBUG] Waiting for device to be ready ...
[TRACE] adb devices returned 0 devices/emulators
[TRACE] adb devices returned 0 devices/emulators
[TRACE] adb devices returned 1 devices/emulators
[TRACE] adb devices returned 1 devices/emulators
[TRACE] adb devices returned 1 devices/emulators
[TRACE] adb devices returned 1 devices/emulators
[TRACE] adb devices returned 1 devices/emulators
[TRACE] adb devices returned 1 devices/emulators
[TRACE] adb devices returned 1 devices/emulators
[TRACE] adb devices returned 1 devices/emulators
[TRACE] adb devices returned 1 devices/emulators
[TRACE] adb devices returned 1 devices/emulators
[DEBUG] Device connected... (waited 55 seconds)
[DEBUG] waited 55.500000 seconds on emulator to get ready
[INFO] Waiting for the Android Emulator to become available
[DEBUG] com.ti53.browsertest installed? True
[WARN] Fastdev enabled, but server isn't running, deploying normally
[INFO] Copying CommonJS modules...
[INFO] Copying project resources..
[TRACE] COPYING MODIFIED FILE: C:\Users\Paco\My Documents\Titanium_Studio_Workspace\test\browsertest\Resources\HTML\index.html => C:\Users\Paco\My Documents\Titanium_Studio_Workspace\test\browsertest\build\android\bin\assets\Resources\HTML\index.html
[INFO] Tiapp.xml unchanged, skipping class generation
[DEBUG] Processing Android resource drawables
[DEBUG] found drawable-long-land-hdpi splash screen at C:\Users\Paco\My Documents\Titanium_Studio_Workspace\test\browsertest\Resources\android\images\res-long-land-hdpi\default.png
[DEBUG] found drawable-long-land-ldpi splash screen at C:\Users\Paco\My Documents\Titanium_Studio_Workspace\test\browsertest\Resources\android\images\res-long-land-ldpi\default.png
[DEBUG] found drawable-long-port-hdpi splash screen at C:\Users\Paco\My Documents\Titanium_Studio_Workspace\test\browsertest\Resources\android\images\res-long-port-hdpi\default.png
[DEBUG] found drawable-long-port-ldpi splash screen at C:\Users\Paco\My Documents\Titanium_Studio_Workspace\test\browsertest\Resources\android\images\res-long-port-ldpi\default.png
[DEBUG] found drawable-notlong-land-hdpi splash screen at C:\Users\Paco\My Documents\Titanium_Studio_Workspace\test\browsertest\Resources\android\images\res-notlong-land-hdpi\default.png
[DEBUG] found drawable-notlong-land-ldpi splash screen at C:\Users\Paco\My Documents\Titanium_Studio_Workspace\test\browsertest\Resources\android\images\res-notlong-land-ldpi\default.png
[DEBUG] found drawable-notlong-land-mdpi splash screen at C:\Users\Paco\My Documents\Titanium_Studio_Workspace\test\browsertest\Resources\android\images\res-notlong-land-mdpi\default.png
[DEBUG] found drawable-notlong-port-hdpi splash screen at C:\Users\Paco\My Documents\Titanium_Studio_Workspace\test\browsertest\Resources\android\images\res-notlong-port-hdpi\default.png
[DEBUG] found drawable-notlong-port-ldpi splash screen at C:\Users\Paco\My Documents\Titanium_Studio_Workspace\test\browsertest\Resources\android\images\res-notlong-port-ldpi\default.png
[DEBUG] found drawable-notlong-port-mdpi splash screen at C:\Users\Paco\My Documents\Titanium_Studio_Workspace\test\browsertest\Resources\android\images\res-notlong-port-mdpi\default.png
[INFO] Waiting for SDCard to become available..
[DEBUG] creating unsigned apk: C:\Users\Paco\My Documents\Titanium_Studio_Workspace\test\browsertest\build\android\bin\app-unsigned.apk
[DEBUG] from resource zip => assets/Resources/HTML/images/img-142.jpg
[DEBUG] from resource zip => assets/Resources/HTML/images/img-178.jpg
[DEBUG] from resource zip => assets/Resources/HTML/images/img-224.jpg
[DEBUG] from resource zip => assets/Resources/HTML/images/img-cover.jpg
[DEBUG] from resource zip => assets/Resources/HTML/images/img-throne.jpg
[DEBUG] from resource zip => assets/Resources/HTML/jbcore/classic/img/assets.gif
[DEBUG] from resource zip => assets/Resources/HTML/jbcore/classic/img/assets.png
[DEBUG] from resource zip => assets/Resources/HTML/jbcore/classic/img/caption-bg.png
[DEBUG] from resource zip => assets/Resources/HTML/jbcore/classic/img/jb001.png
[DEBUG] from resource zip => assets/Resources/HTML/jbcore/classic/img/spinner.gif
[DEBUG] from resource zip => assets/Resources/HTML/jbcore/classic/theme-ie6.css
[DEBUG] from resource zip => assets/Resources/HTML/jbcore/classic/theme.css
[DEBUG] from resource zip => assets/Resources/HTML/jbcore/full.html
[DEBUG] from resource zip => assets/Resources/HTML/jbcore/juicebox.js
[DEBUG] from resource zip => assets/Resources/HTML/config.xml
[DEBUG] from resource zip => assets/Resources/HTML/index.html
[DEBUG] from resource zip => assets/Resources/HTML/license.html
[DEBUG] from resource zip => assets/Resources/HTML/styles.css
[DEBUG] from resource zip => assets/Resources/images/LeftArrow.png
[DEBUG] from resource zip => assets/Resources/images/PullTab.png
[DEBUG] from resource zip => assets/Resources/images/RightArrow.png
[DEBUG] from resource zip => assets/Resources/images/background.png
[DEBUG] from resource zip => assets/Resources/ui/ApplicationWindow.js
[DEBUG] from resource zip => assets/Resources/ui/ApplicationWindowPlatform.js
[DEBUG] from resource zip => assets/Resources/ui/Drawer.js
[DEBUG] from resource zip => assets/Resources/KS_nav_ui.png
[DEBUG] from resource zip => assets/Resources/KS_nav_views.png
[DEBUG] from resource zip => assets/Resources/app.js
[DEBUG] from resource zip => assets/Resources/appicon.png
[DEBUG] from resource zip => assets/Resources/default.png
[DEBUG] from resource zip => assets/Resources/ti.cloud.js
[DEBUG] from resource zip => assets/app.json
[DEBUG] from resource zip => assets/index.json
[DEBUG] from resource zip => assets/tiapp.xml
[DEBUG] from resource zip => res/drawable/appicon.png
[DEBUG] from resource zip => res/drawable/background.png
[DEBUG] from resource zip => res/layout/titanium_tabgroup.xml
[DEBUG] from resource zip => AndroidManifest.xml
[DEBUG] from resource zip => resources.arsc
[DEBUG] from resource zip => res/drawable-long-land-hdpi/background.png
[DEBUG] from resource zip => res/drawable-long-land-ldpi/background.png
[DEBUG] from resource zip => res/drawable-long-port-hdpi/background.png
[DEBUG] from resource zip => res/drawable-long-port-ldpi/background.png
[DEBUG] from resource zip => res/drawable-notlong-land-hdpi/background.png
[DEBUG] from resource zip => res/drawable-notlong-land-ldpi/background.png
[DEBUG] from resource zip => res/drawable-notlong-land-mdpi/background.png
[DEBUG] from resource zip => res/drawable-notlong-port-hdpi/background.png
[DEBUG] from resource zip => res/drawable-notlong-port-ldpi/background.png
[DEBUG] from resource zip => res/drawable-notlong-port-mdpi/background.png
[DEBUG] from JAR C:\Users\Paco\AppData\Roaming\Titanium\mobilesdk\win32\2.1.3.GA\android\modules\titanium-ui.jar => ti/modules/titanium/ui/widget/webview/binding.js
[DEBUG] from JAR C:\Users\Paco\AppData\Roaming\Titanium\mobilesdk\win32\2.1.3.GA\android\modules\titanium-ui.jar => ti/modules/titanium/ui/widget/webview/binding.min.js
[DEBUG] from JAR C:\Users\Paco\AppData\Roaming\Titanium\mobilesdk\win32\2.1.3.GA\android\modules\titanium-ui.jar => ti/modules/titanium/ui/widget/webview/json2.js
[DEBUG] from JAR C:\Users\Paco\AppData\Roaming\Titanium\mobilesdk\win32\2.1.3.GA\android\modules\titanium-ui.jar => ti/modules/titanium/ui/widget/webview/polling.js
[DEBUG] from JAR C:\Users\Paco\AppData\Roaming\Titanium\mobilesdk\win32\2.1.3.GA\android\modules\titanium-ui.jar => ti/modules/titanium/ui/widget/webview/polling.min.js
[DEBUG] from JAR C:\Users\Paco\AppData\Roaming\Titanium\mobilesdk\win32\2.1.3.GA\android\titanium.jar => org/appcelerator/titanium/build.properties
[DEBUG] from JAR C:\Users\Paco\AppData\Roaming\Titanium\mobilesdk\win32\2.1.3.GA\android\titanium.jar => org/appcelerator/titanium/res/drawable/background.png
[DEBUG] from JAR C:\Users\Paco\AppData\Roaming\Titanium\mobilesdk\win32\2.1.3.GA\android\titanium.jar => org/appcelerator/titanium/res/drawable/btn_check_buttonless_on.png
[DEBUG] from JAR C:\Users\Paco\AppData\Roaming\Titanium\mobilesdk\win32\2.1.3.GA\android\titanium.jar => org/appcelerator/titanium/res/drawable/btn_check_buttonless_on_18.png
[DEBUG] from JAR C:\Users\Paco\AppData\Roaming\Titanium\mobilesdk\win32\2.1.3.GA\android\titanium.jar => org/appcelerator/titanium/res/drawable/btn_check_buttonless_on_48.png
[DEBUG] from JAR C:\Users\Paco\AppData\Roaming\Titanium\mobilesdk\win32\2.1.3.GA\android\titanium.jar => org/appcelerator/titanium/res/drawable/btn_more.png
[DEBUG] from JAR C:\Users\Paco\AppData\Roaming\Titanium\mobilesdk\win32\2.1.3.GA\android\titanium.jar => org/appcelerator/titanium/res/drawable/btn_more_18.png
[DEBUG] from JAR C:\Users\Paco\AppData\Roaming\Titanium\mobilesdk\win32\2.1.3.GA\android\titanium.jar => org/appcelerator/titanium/res/drawable/btn_more_48.png
[DEBUG] from JAR C:\Users\Paco\AppData\Roaming\Titanium\mobilesdk\win32\2.1.3.GA\android\titanium.jar => org/appcelerator/titanium/res/drawable/btn_picker_normal.9.png
[DEBUG] from JAR C:\Users\Paco\AppData\Roaming\Titanium\mobilesdk\win32\2.1.3.GA\android\titanium.jar => org/appcelerator/titanium/res/drawable/btn_picker_pressed.9.png
[DEBUG] from JAR C:\Users\Paco\AppData\Roaming\Titanium\mobilesdk\win32\2.1.3.GA\android\titanium.jar => org/appcelerator/titanium/res/drawable/btn_picker_selected.9.png
[DEBUG] from JAR C:\Users\Paco\AppData\Roaming\Titanium\mobilesdk\win32\2.1.3.GA\android\titanium.jar => org/appcelerator/titanium/res/drawable/default_icon.png
[DEBUG] from JAR C:\Users\Paco\AppData\Roaming\Titanium\mobilesdk\win32\2.1.3.GA\android\titanium.jar => org/appcelerator/titanium/res/drawable/photoDefault.png
[DEBUG] from JAR C:\Users\Paco\AppData\Roaming\Titanium\mobilesdk\win32\2.1.3.GA\android\thirdparty.jar => org/apache/Commons-NOTICE.txt
[DEBUG] from JAR C:\Users\Paco\AppData\Roaming\Titanium\mobilesdk\win32\2.1.3.GA\android\thirdparty.jar => org/apache/HttpComponents-NOTICE.txt
[DEBUG] from JAR C:\Users\Paco\AppData\Roaming\Titanium\mobilesdk\win32\2.1.3.GA\android\thirdparty.jar => org/apache/mime4j-NOTICE.txt
[DEBUG] installing native SDK libs
[DEBUG] Waiting for device to be ready ...
[TRACE] adb devices returned 1 devices/emulators
[DEBUG] Device connected... (waited 0 seconds)
[DEBUG] waited 0.024000 seconds on emulator to get ready
[INFO] Installing application on emulator
[INFO] Launching application ... browsertest
[TRACE] Launch output: Starting: Intent { act=android.intent.action.MAIN cat=[android.intent.category.LAUNCHER] flg=0x10200000 cmp=com.ti53.browsertest/.BrowsertestActivity }

[INFO] Deployed browsertest ... Application should be running.
